\\BANNER.MAIN.AD.RIT.EDU\STUDENTS\JMM3896\IGMPROFILE\DESKTOP\COLONY-MASTER\OBJ\WIN32\DXUT\DEBUG\DXUTMISC.OBJ
\\BANNER.MAIN.AD.RIT.EDU\STUDENTS\JMM3896\IGMPROFILE\DESKTOP\COLONY-MASTER\OBJ\WIN32\DXUT\DEBUG\DXUTDEVICE9.OBJ
\\BANNER.MAIN.AD.RIT.EDU\STUDENTS\JMM3896\IGMPROFILE\DESKTOP\COLONY-MASTER\OBJ\WIN32\DXUT\DEBUG\DXUTDEVICE11.OBJ
\\BANNER.MAIN.AD.RIT.EDU\STUDENTS\JMM3896\IGMPROFILE\DESKTOP\COLONY-MASTER\OBJ\WIN32\DXUT\DEBUG\DXUT.OBJ
\\BANNER.MAIN.AD.RIT.EDU\STUDENTS\JMM3896\IGMPROFILE\DESKTOP\COLONY-MASTER\OBJ\WIN32\DXUT\DEBUG\VC100.PDB
H:\COLONY-MASTER\OBJ\WIN32\DXUT\DEBUG\DXUTMISC.OBJ
H:\COLONY-MASTER\OBJ\WIN32\DXUT\DEBUG\DXUTDEVICE9.OBJ
H:\COLONY-MASTER\OBJ\WIN32\DXUT\DEBUG\DXUTDEVICE11.OBJ
H:\COLONY-MASTER\OBJ\WIN32\DXUT\DEBUG\DXUT.OBJ
H:\COLONY-MASTER\OBJ\WIN32\DXUT\DEBUG\VC100.PDB
\\BANNER.MAIN.AD.RIT.EDU\STUDENTS\JMM3896\IGMPROFILE\DESKTOP\COLONY-MASTER\BIN\WIN32\DXUT\DEBUG\DXUT.LIB
H:\COLONY-MASTER\BIN\WIN32\DXUT\DEBUG\DXUT.LIB
H:\Colony-master\obj\Win32\DXUT\Debug\DXUTmisc.obj
H:\Colony-master\obj\Win32\DXUT\Debug\DXUTDevice9.obj
H:\Colony-master\obj\Win32\DXUT\Debug\DXUTDevice11.obj
H:\Colony-master\obj\Win32\DXUT\Debug\DXUT.obj
H:\Colony-master\obj\Win32\DXUT\Debug\DXUT.write.1.tlog
H:\Colony-master\obj\Win32\DXUT\Debug\CL.read.1.tlog
H:\Colony-master\obj\Win32\DXUT\Debug\CL.write.1.tlog
H:\Colony-master\obj\Win32\DXUT\Debug\cl.command.1.tlog
H:\Colony-master\obj\Win32\DXUT\Debug\Lib-link.read.1.tlog
H:\Colony-master\obj\Win32\DXUT\Debug\Lib-link.write.1.tlog
H:\Colony-master\obj\Win32\DXUT\Debug\lib.command.1.tlog
H:\Colony-master\obj\Win32\DXUT\Debug\vc100.idb
H:\Colony-master\obj\Win32\DXUT\Debug\vc100.pdb
H:\Colony-master\DXUT\Core\..\..\bin\Win32\DXUT\Debug\DXUT.lib
