Build started 3/3/2014 1:43:39 PM.
     1>Project "C:\Users\Jason\Desktop\Colony-4d610129102df494ef81e31a2ef6c66fafa4c566\DXUT\Core\DXUT_2010.vcxproj" on node 3 (rebuild target(s)).
     1>_PrepareForClean:
         Deleting file "C:\Users\Jason\Desktop\Colony-4d610129102df494ef81e31a2ef6c66fafa4c566\DXUT\Core\..\..\obj\Win32\DXUT\Debug\DXUT.lastbuildstate".
       InitializeBuildStatus:
         Creating "C:\Users\Jason\Desktop\Colony-4d610129102df494ef81e31a2ef6c66fafa4c566\DXUT\Core\..\..\obj\Win32\DXUT\Debug\DXUT.unsuccessfulbuild" because "AlwaysCreate" was specified.
       ClCompile:
         C:\Program Files (x86)\Microsoft Visual Studio 10.0\VC\bin\CL.exe /c /I..\..\\Core /I..\..\\Optional /IDX_SDKDIR\include /ZI /nologo /W4 /WX- /Od /Oi /Oy- /D WIN32 /D _DEBUG /D DEBUG /D PROFILE /D _WINDOWS /D _LIB /D D3DXFX_LARGEADDRESS_HANDLE /D _UNICODE /D UNICODE /Gm- /EHsc /RTC1 /MTd /GS /arch:SSE2 /fp:fast /Zc:wchar_t /Zc:forScope /openmp- /Fo"C:\Users\Jason\Desktop\Colony-4d610129102df494ef81e31a2ef6c66fafa4c566\DXUT\Core\..\..\obj\Win32\DXUT\Debug\\" /Fd"C:\Users\Jason\Desktop\Colony-4d610129102df494ef81e31a2ef6c66fafa4c566\DXUT\Core\..\..\obj\Win32\DXUT\Debug\vc100.pdb" /Gd /TP /analyze- /errorReport:prompt DXUT.cpp DXUTDevice11.cpp DXUTDevice9.cpp DXUTmisc.cpp  
         DXUT.cpp
         DXUTDevice11.cpp
         DXUTDevice9.cpp
         DXUTmisc.cpp
         Generating Code...
       Lib:
         C:\Program Files (x86)\Microsoft Visual Studio 10.0\VC\bin\Lib.exe /OUT:"C:\Users\Jason\Desktop\Colony-4d610129102df494ef81e31a2ef6c66fafa4c566\DXUT\Core\..\..\bin\Win32\DXUT\Debug\DXUT.lib" /NOLOGO "C:\Users\Jason\Desktop\Colony-4d610129102df494ef81e31a2ef6c66fafa4c566\DXUT\Core\..\..\obj\Win32\DXUT\Debug\DXUT.obj"
         "C:\Users\Jason\Desktop\Colony-4d610129102df494ef81e31a2ef6c66fafa4c566\DXUT\Core\..\..\obj\Win32\DXUT\Debug\DXUTDevice11.obj"
         "C:\Users\Jason\Desktop\Colony-4d610129102df494ef81e31a2ef6c66fafa4c566\DXUT\Core\..\..\obj\Win32\DXUT\Debug\DXUTDevice9.obj"
         "C:\Users\Jason\Desktop\Colony-4d610129102df494ef81e31a2ef6c66fafa4c566\DXUT\Core\..\..\obj\Win32\DXUT\Debug\DXUTmisc.obj"
         DXUT_2010.vcxproj -> C:\Users\Jason\Desktop\Colony-4d610129102df494ef81e31a2ef6c66fafa4c566\DXUT\Core\..\..\bin\Win32\DXUT\Debug\DXUT.lib
       FinalizeBuildStatus:
         Deleting file "C:\Users\Jason\Desktop\Colony-4d610129102df494ef81e31a2ef6c66fafa4c566\DXUT\Core\..\..\obj\Win32\DXUT\Debug\DXUT.unsuccessfulbuild".
         Touching "C:\Users\Jason\Desktop\Colony-4d610129102df494ef81e31a2ef6c66fafa4c566\DXUT\Core\..\..\obj\Win32\DXUT\Debug\DXUT.lastbuildstate".
     1>Done Building Project "C:\Users\Jason\Desktop\Colony-4d610129102df494ef81e31a2ef6c66fafa4c566\DXUT\Core\DXUT_2010.vcxproj" (rebuild target(s)).

Build succeeded.

Time Elapsed 00:00:16.19
