<<<<<<< HEAD
﻿Build started 2/25/2014 10:20:08 AM.
     1>Project "J:\PortableApps\Documents\Git\Colony\DXUT\Optional\DXUTOpt_2010.vcxproj" on node 2 (rebuild target(s)).
     1>_PrepareForClean:
         Deleting file "J:\PortableApps\Documents\Git\Colony\DXUT\Optional\..\..\obj\Win32\DXUTOpt\Debug\DXUTOpt.lastbuildstate".
       InitializeBuildStatus:
         Creating "J:\PortableApps\Documents\Git\Colony\DXUT\Optional\..\..\obj\Win32\DXUTOpt\Debug\DXUTOpt.unsuccessfulbuild" because "AlwaysCreate" was specified.
       ClCompile:
         C:\Program Files (x86)\Microsoft Visual Studio 10.0\VC\bin\CL.exe /c /I..\Core\ /I..\..\\Core /I..\..\\Optional /I/include /ZI /nologo /W4 /WX- /Od /Oi /Oy- /D WIN32 /D _DEBUG /D DEBUG /D PROFILE /D _WINDOWS /D _LIB /D D3DXFX_LARGEADDRESS_HANDLE /D _UNICODE /D UNICODE /Gm- /EHsc /RTC1 /MTd /GS /arch:SSE2 /fp:fast /Zc:wchar_t /Zc:forScope /openmp- /Fo"J:\PortableApps\Documents\Git\Colony\DXUT\Optional\..\..\obj\Win32\DXUTOpt\Debug\\" /Fd"J:\PortableApps\Documents\Git\Colony\DXUT\Optional\..\..\obj\Win32\DXUTOpt\Debug\vc100.pdb" /Gd /TP /analyze- /errorReport:prompt DXUTcamera.cpp DXUTgui.cpp DXUTguiIME.cpp DXUTres.cpp DXUTsettingsdlg.cpp ImeUi.cpp SDKmesh.cpp SDKmisc.cpp SDKsound.cpp SDKwavefile.cpp  
=======
﻿Build started 2/24/2014 3:02:18 PM.
     1>Project "\\banner.main.ad.rit.edu\students\jmm3896\IGMProfile\Desktop\GitHub\Colony\DXUT\Optional\DXUTOpt_2010.vcxproj" on node 2 (rebuild target(s)).
     1>InitializeBuildStatus:
         Creating "\\banner.main.ad.rit.edu\students\jmm3896\IGMProfile\Desktop\GitHub\Colony\DXUT\Optional\..\..\obj\Win32\DXUTOpt\Debug\DXUTOpt.unsuccessfulbuild" because "AlwaysCreate" was specified.
       ClCompile:
         C:\Program Files (x86)\Microsoft Visual Studio 10.0\VC\bin\CL.exe /c /I..\Core\ /I..\..\\Core /I..\..\\Optional /I/include /ZI /nologo /W4 /WX- /Od /Oi /Oy- /D WIN32 /D _DEBUG /D DEBUG /D PROFILE /D _WINDOWS /D _LIB /D D3DXFX_LARGEADDRESS_HANDLE /D _UNICODE /D UNICODE /Gm- /EHsc /RTC1 /MTd /GS /arch:SSE2 /fp:fast /Zc:wchar_t /Zc:forScope /openmp- /Fo"\\banner.main.ad.rit.edu\students\jmm3896\IGMProfile\Desktop\GitHub\Colony\DXUT\Optional\..\..\obj\Win32\DXUTOpt\Debug\\" /Fd"\\banner.main.ad.rit.edu\students\jmm3896\IGMProfile\Desktop\GitHub\Colony\DXUT\Optional\..\..\obj\Win32\DXUTOpt\Debug\vc100.pdb" /Gd /TP /analyze- /errorReport:prompt DXUTcamera.cpp DXUTgui.cpp DXUTguiIME.cpp DXUTres.cpp DXUTsettingsdlg.cpp ImeUi.cpp SDKmesh.cpp SDKmisc.cpp SDKsound.cpp SDKwavefile.cpp  
>>>>>>> b561bf0b9d813c3849199d2267141d1bba01da47
         DXUTcamera.cpp
         DXUTgui.cpp
         DXUTguiIME.cpp
         DXUTres.cpp
         DXUTsettingsdlg.cpp
         ImeUi.cpp
         SDKmesh.cpp
         SDKmisc.cpp
         SDKsound.cpp
         SDKwavefile.cpp
         Generating Code...
       Lib:
<<<<<<< HEAD
         C:\Program Files (x86)\Microsoft Visual Studio 10.0\VC\bin\Lib.exe /OUT:"J:\PortableApps\Documents\Git\Colony\DXUT\Optional\..\..\bin\Win32\DXUTOpt\Debug\DXUTOpt.lib" /NOLOGO J:\PortableApps\Documents\Git\Colony\DXUT\Optional\..\..\obj\Win32\DXUTOpt\Debug\DXUTcamera.obj
         J:\PortableApps\Documents\Git\Colony\DXUT\Optional\..\..\obj\Win32\DXUTOpt\Debug\DXUTgui.obj
         J:\PortableApps\Documents\Git\Colony\DXUT\Optional\..\..\obj\Win32\DXUTOpt\Debug\DXUTguiIME.obj
         J:\PortableApps\Documents\Git\Colony\DXUT\Optional\..\..\obj\Win32\DXUTOpt\Debug\DXUTres.obj
         J:\PortableApps\Documents\Git\Colony\DXUT\Optional\..\..\obj\Win32\DXUTOpt\Debug\DXUTsettingsdlg.obj
         J:\PortableApps\Documents\Git\Colony\DXUT\Optional\..\..\obj\Win32\DXUTOpt\Debug\ImeUi.obj
         J:\PortableApps\Documents\Git\Colony\DXUT\Optional\..\..\obj\Win32\DXUTOpt\Debug\SDKmesh.obj
         J:\PortableApps\Documents\Git\Colony\DXUT\Optional\..\..\obj\Win32\DXUTOpt\Debug\SDKmisc.obj
         J:\PortableApps\Documents\Git\Colony\DXUT\Optional\..\..\obj\Win32\DXUTOpt\Debug\SDKsound.obj
         J:\PortableApps\Documents\Git\Colony\DXUT\Optional\..\..\obj\Win32\DXUTOpt\Debug\SDKwavefile.obj
         DXUTOpt_2010.vcxproj -> J:\PortableApps\Documents\Git\Colony\DXUT\Optional\..\..\bin\Win32\DXUTOpt\Debug\DXUTOpt.lib
       FinalizeBuildStatus:
         Deleting file "J:\PortableApps\Documents\Git\Colony\DXUT\Optional\..\..\obj\Win32\DXUTOpt\Debug\DXUTOpt.unsuccessfulbuild".
         Touching "J:\PortableApps\Documents\Git\Colony\DXUT\Optional\..\..\obj\Win32\DXUTOpt\Debug\DXUTOpt.lastbuildstate".
     1>Done Building Project "J:\PortableApps\Documents\Git\Colony\DXUT\Optional\DXUTOpt_2010.vcxproj" (rebuild target(s)).

Build succeeded.

Time Elapsed 00:00:11.12
=======
         C:\Program Files (x86)\Microsoft Visual Studio 10.0\VC\bin\Lib.exe /OUT:"\\banner.main.ad.rit.edu\students\jmm3896\IGMProfile\Desktop\GitHub\Colony\DXUT\Optional\..\..\bin\Win32\DXUTOpt\Debug\DXUTOpt.lib" /NOLOGO \\banner.main.ad.rit.edu\students\jmm3896\IGMProfile\Desktop\GitHub\Colony\DXUT\Optional\..\..\obj\Win32\DXUTOpt\Debug\DXUTcamera.obj
         \\banner.main.ad.rit.edu\students\jmm3896\IGMProfile\Desktop\GitHub\Colony\DXUT\Optional\..\..\obj\Win32\DXUTOpt\Debug\DXUTgui.obj
         \\banner.main.ad.rit.edu\students\jmm3896\IGMProfile\Desktop\GitHub\Colony\DXUT\Optional\..\..\obj\Win32\DXUTOpt\Debug\DXUTguiIME.obj
         \\banner.main.ad.rit.edu\students\jmm3896\IGMProfile\Desktop\GitHub\Colony\DXUT\Optional\..\..\obj\Win32\DXUTOpt\Debug\DXUTres.obj
         \\banner.main.ad.rit.edu\students\jmm3896\IGMProfile\Desktop\GitHub\Colony\DXUT\Optional\..\..\obj\Win32\DXUTOpt\Debug\DXUTsettingsdlg.obj
         \\banner.main.ad.rit.edu\students\jmm3896\IGMProfile\Desktop\GitHub\Colony\DXUT\Optional\..\..\obj\Win32\DXUTOpt\Debug\ImeUi.obj
         \\banner.main.ad.rit.edu\students\jmm3896\IGMProfile\Desktop\GitHub\Colony\DXUT\Optional\..\..\obj\Win32\DXUTOpt\Debug\SDKmesh.obj
         \\banner.main.ad.rit.edu\students\jmm3896\IGMProfile\Desktop\GitHub\Colony\DXUT\Optional\..\..\obj\Win32\DXUTOpt\Debug\SDKmisc.obj
         \\banner.main.ad.rit.edu\students\jmm3896\IGMProfile\Desktop\GitHub\Colony\DXUT\Optional\..\..\obj\Win32\DXUTOpt\Debug\SDKsound.obj
         \\banner.main.ad.rit.edu\students\jmm3896\IGMProfile\Desktop\GitHub\Colony\DXUT\Optional\..\..\obj\Win32\DXUTOpt\Debug\SDKwavefile.obj
         DXUTOpt_2010.vcxproj -> \\banner.main.ad.rit.edu\students\jmm3896\IGMProfile\Desktop\GitHub\Colony\DXUT\Optional\..\..\bin\Win32\DXUTOpt\Debug\DXUTOpt.lib
       FinalizeBuildStatus:
         Deleting file "\\banner.main.ad.rit.edu\students\jmm3896\IGMProfile\Desktop\GitHub\Colony\DXUT\Optional\..\..\obj\Win32\DXUTOpt\Debug\DXUTOpt.unsuccessfulbuild".
         Touching "\\banner.main.ad.rit.edu\students\jmm3896\IGMProfile\Desktop\GitHub\Colony\DXUT\Optional\..\..\obj\Win32\DXUTOpt\Debug\DXUTOpt.lastbuildstate".
     1>Done Building Project "\\banner.main.ad.rit.edu\students\jmm3896\IGMProfile\Desktop\GitHub\Colony\DXUT\Optional\DXUTOpt_2010.vcxproj" (rebuild target(s)).

Build succeeded.

Time Elapsed 00:00:24.65
>>>>>>> b561bf0b9d813c3849199d2267141d1bba01da47
