C:\USERS\JASON\DESKTOP\COLONY-4D610129102DF494EF81E31A2EF6C66FAFA4C566\BIN\WIN32\DXUTOPT\DEBUG\DXUTOPT.LIB
C:\Users\Jason\Desktop\Colony-4d610129102df494ef81e31a2ef6c66fafa4c566\DXUT\Optional\..\..\bin\Win32\DXUTOpt\Debug\DXUTOpt.lib
C:\Users\Jason\Desktop\Colony-4d610129102df494ef81e31a2ef6c66fafa4c566\obj\Win32\DXUTOpt\Debug\cl.command.1.tlog
C:\Users\Jason\Desktop\Colony-4d610129102df494ef81e31a2ef6c66fafa4c566\obj\Win32\DXUTOpt\Debug\CL.read.1.tlog
C:\Users\Jason\Desktop\Colony-4d610129102df494ef81e31a2ef6c66fafa4c566\obj\Win32\DXUTOpt\Debug\CL.write.1.tlog
C:\USERS\JASON\DESKTOP\COLONY-4D610129102DF494EF81E31A2EF6C66FAFA4C566\OBJ\WIN32\DXUTOPT\DEBUG\DXUTCAMERA.OBJ
C:\USERS\JASON\DESKTOP\COLONY-4D610129102DF494EF81E31A2EF6C66FAFA4C566\OBJ\WIN32\DXUTOPT\DEBUG\DXUTGUI.OBJ
C:\USERS\JASON\DESKTOP\COLONY-4D610129102DF494EF81E31A2EF6C66FAFA4C566\OBJ\WIN32\DXUTOPT\DEBUG\DXUTGUIIME.OBJ
C:\Users\Jason\Desktop\Colony-4d610129102df494ef81e31a2ef6c66fafa4c566\obj\Win32\DXUTOpt\Debug\DXUTOpt.write.1.tlog
C:\Users\Jason\Desktop\Colony-4d610129102df494ef81e31a2ef6c66fafa4c566\obj\Win32\DXUTOpt\Debug\DXUTOpt_2010.vcxprojResolveAssemblyReference.cache
C:\USERS\JASON\DESKTOP\COLONY-4D610129102DF494EF81E31A2EF6C66FAFA4C566\OBJ\WIN32\DXUTOPT\DEBUG\DXUTRES.OBJ
C:\USERS\JASON\DESKTOP\COLONY-4D610129102DF494EF81E31A2EF6C66FAFA4C566\OBJ\WIN32\DXUTOPT\DEBUG\DXUTSETTINGSDLG.OBJ
C:\USERS\JASON\DESKTOP\COLONY-4D610129102DF494EF81E31A2EF6C66FAFA4C566\OBJ\WIN32\DXUTOPT\DEBUG\IMEUI.OBJ
C:\Users\Jason\Desktop\Colony-4d610129102df494ef81e31a2ef6c66fafa4c566\obj\Win32\DXUTOpt\Debug\lib.command.1.tlog
C:\Users\Jason\Desktop\Colony-4d610129102df494ef81e31a2ef6c66fafa4c566\obj\Win32\DXUTOpt\Debug\Lib-link.read.1.tlog
C:\Users\Jason\Desktop\Colony-4d610129102df494ef81e31a2ef6c66fafa4c566\obj\Win32\DXUTOpt\Debug\Lib-link.write.1.tlog
C:\USERS\JASON\DESKTOP\COLONY-4D610129102DF494EF81E31A2EF6C66FAFA4C566\OBJ\WIN32\DXUTOPT\DEBUG\SDKMESH.OBJ
C:\USERS\JASON\DESKTOP\COLONY-4D610129102DF494EF81E31A2EF6C66FAFA4C566\OBJ\WIN32\DXUTOPT\DEBUG\SDKMISC.OBJ
C:\USERS\JASON\DESKTOP\COLONY-4D610129102DF494EF81E31A2EF6C66FAFA4C566\OBJ\WIN32\DXUTOPT\DEBUG\SDKSOUND.OBJ
C:\USERS\JASON\DESKTOP\COLONY-4D610129102DF494EF81E31A2EF6C66FAFA4C566\OBJ\WIN32\DXUTOPT\DEBUG\SDKWAVEFILE.OBJ
C:\Users\Jason\Desktop\Colony-4d610129102df494ef81e31a2ef6c66fafa4c566\obj\Win32\DXUTOpt\Debug\vc100.idb
C:\USERS\JASON\DESKTOP\COLONY-4D610129102DF494EF81E31A2EF6C66FAFA4C566\OBJ\WIN32\DXUTOPT\DEBUG\VC100.PDB
