J:\PORTABLEAPPS\DOCUMENTS\GIT\COLONY\BIN\WIN32\SAMPLECOMPONENTS\DEBUG\SAMPLECOMPONENTS.LIB
J:\PortableApps\Documents\Git\Colony\obj\Win32\SampleComponents\Debug\cl.command.1.tlog
J:\PortableApps\Documents\Git\Colony\obj\Win32\SampleComponents\Debug\CL.read.1.tlog
J:\PortableApps\Documents\Git\Colony\obj\Win32\SampleComponents\Debug\CL.write.1.tlog
J:\PORTABLEAPPS\DOCUMENTS\GIT\COLONY\OBJ\WIN32\SAMPLECOMPONENTS\DEBUG\CONTACTDIALOG.RES
J:\PORTABLEAPPS\DOCUMENTS\GIT\COLONY\OBJ\WIN32\SAMPLECOMPONENTS\DEBUG\CONTACTUI.OBJ
J:\PORTABLEAPPS\DOCUMENTS\GIT\COLONY\OBJ\WIN32\SAMPLECOMPONENTS\DEBUG\CPUUSAGE.OBJ
J:\PORTABLEAPPS\DOCUMENTS\GIT\COLONY\OBJ\WIN32\SAMPLECOMPONENTS\DEBUG\CPUUSAGEUI.OBJ
J:\PORTABLEAPPS\DOCUMENTS\GIT\COLONY\OBJ\WIN32\SAMPLECOMPONENTS\DEBUG\HELPUI.OBJ
J:\PortableApps\Documents\Git\Colony\obj\Win32\SampleComponents\Debug\lib.command.1.tlog
J:\PortableApps\Documents\Git\Colony\obj\Win32\SampleComponents\Debug\Lib-link.read.1.tlog
J:\PortableApps\Documents\Git\Colony\obj\Win32\SampleComponents\Debug\Lib-link.write.1.tlog
J:\PortableApps\Documents\Git\Colony\obj\Win32\SampleComponents\Debug\Lib-link-cvtres.read.1.tlog
J:\PortableApps\Documents\Git\Colony\obj\Win32\SampleComponents\Debug\Lib-link-cvtres.write.1.tlog
J:\PortableApps\Documents\Git\Colony\obj\Win32\SampleComponents\Debug\rc.command.1.tlog
J:\PortableApps\Documents\Git\Colony\obj\Win32\SampleComponents\Debug\rc.read.1.tlog
J:\PortableApps\Documents\Git\Colony\obj\Win32\SampleComponents\Debug\rc.write.1.tlog
J:\PortableApps\Documents\Git\Colony\obj\Win32\SampleComponents\Debug\SampleComponents.write.1.tlog
J:\PortableApps\Documents\Git\Colony\obj\Win32\SampleComponents\Debug\SampleComponents_2010.vcxprojResolveAssemblyReference.cache
J:\PORTABLEAPPS\DOCUMENTS\GIT\COLONY\OBJ\WIN32\SAMPLECOMPONENTS\DEBUG\TASKMGRTBB.OBJ
J:\PortableApps\Documents\Git\Colony\obj\Win32\SampleComponents\Debug\vc100.idb
J:\PORTABLEAPPS\DOCUMENTS\GIT\COLONY\OBJ\WIN32\SAMPLECOMPONENTS\DEBUG\VC100.PDB
J:\PortableApps\Documents\Git\Colony\SampleComponents\..\bin\Win32\SampleComponents\Debug\SampleComponents.lib
