\\BANNER.MAIN.AD.RIT.EDU\STUDENTS\JMM3896\IGMPROFILE\DESKTOP\COLONY-MASTER\COLONY\WIN32\DEBUG\COLONY.ILK
\\BANNER.MAIN.AD.RIT.EDU\STUDENTS\JMM3896\IGMPROFILE\DESKTOP\COLONY-MASTER\COLONY\WIN32\DEBUG\COLONY.EXE
\\BANNER.MAIN.AD.RIT.EDU\STUDENTS\JMM3896\IGMPROFILE\DESKTOP\COLONY-MASTER\COLONY\WIN32\DEBUG\COLONY\COLONY.EXE.INTERMEDIATE.MANIFEST
\\BANNER.MAIN.AD.RIT.EDU\STUDENTS\JMM3896\IGMPROFILE\DESKTOP\COLONY-MASTER\COLONY\WIN32\DEBUG\COLONY.PDB
\\BANNER.MAIN.AD.RIT.EDU\STUDENTS\JMM3896\IGMPROFILE\DESKTOP\COLONY-MASTER\COLONY\WIN32\DEBUG\COLONY\COLONY.EXE.EMBED.MANIFEST
\\BANNER.MAIN.AD.RIT.EDU\STUDENTS\JMM3896\IGMPROFILE\DESKTOP\COLONY-MASTER\COLONY\WIN32\DEBUG\COLONY\GAME.OBJ
\\BANNER.MAIN.AD.RIT.EDU\STUDENTS\JMM3896\IGMPROFILE\DESKTOP\COLONY-MASTER\COLONY\WIN32\DEBUG\COLONY\UNITMANAGER.OBJ
\\BANNER.MAIN.AD.RIT.EDU\STUDENTS\JMM3896\IGMPROFILE\DESKTOP\COLONY-MASTER\COLONY\WIN32\DEBUG\COLONY\COLONY.OBJ
\\BANNER.MAIN.AD.RIT.EDU\STUDENTS\JMM3896\IGMPROFILE\DESKTOP\COLONY-MASTER\COLONY\WIN32\DEBUG\COLONY\RENDER.OBJ
\\BANNER.MAIN.AD.RIT.EDU\STUDENTS\JMM3896\IGMPROFILE\DESKTOP\COLONY-MASTER\COLONY\WIN32\DEBUG\COLONY\VC100.PDB
H:\COLONY-MASTER\COLONY\WIN32\DEBUG\COLONY\COLONY.OBJ
H:\COLONY-MASTER\COLONY\WIN32\DEBUG\COLONY\GAME.OBJ
H:\COLONY-MASTER\COLONY\WIN32\DEBUG\COLONY\RENDER.OBJ
H:\COLONY-MASTER\COLONY\WIN32\DEBUG\COLONY\UNITMANAGER.OBJ
H:\COLONY-MASTER\COLONY\WIN32\DEBUG\COLONY\VC100.PDB
\\BANNER.MAIN.AD.RIT.EDU\STUDENTS\JMM3896\IGMPROFILE\DESKTOP\COLONY-MASTER\COLONY\WIN32\DEBUG\COLONY\COLONY.EXE.EMBED.MANIFEST.RES
H:\Colony-master\Colony\Win32\Debug\Colony\Colony.obj
H:\Colony-master\Colony\Win32\Debug\Colony\Game.obj
H:\Colony-master\Colony\Win32\Debug\Colony\Render.obj
H:\Colony-master\Colony\Win32\Debug\Colony\UnitManager.obj
H:\Colony-master\Colony\Win32\Debug\Colony\link-cvtres.read.1.tlog
H:\Colony-master\Colony\Win32\Debug\Colony\link.write.1.tlog
H:\Colony-master\Colony\Win32\Debug\Colony\mt.read.1.tlog
H:\Colony-master\Colony\Win32\Debug\Colony\mt.write.1.tlog
H:\Colony-master\Colony\Win32\Debug\Colony\link.4252-cvtres.read.1.tlog
H:\Colony-master\Colony\Win32\Debug\Colony\link.4252-cvtres.write.1.tlog
H:\Colony-master\Colony\Win32\Debug\Colony\link.4252.write.1.tlog
H:\Colony-master\Colony\Win32\Debug\Colony\Colony.write.1.tlog
H:\Colony-master\Colony\Win32\Debug\Colony\CL.read.1.tlog
H:\Colony-master\Colony\Win32\Debug\Colony\CL.write.1.tlog
H:\Colony-master\Colony\Win32\Debug\Colony\cl.command.1.tlog
H:\Colony-master\Colony\Win32\Debug\Colony\rc.read.1.tlog
H:\Colony-master\Colony\Win32\Debug\Colony\rc.write.1.tlog
H:\Colony-master\Colony\Win32\Debug\Colony\rc.command.1.tlog
H:\Colony-master\Colony\Win32\Debug\Colony\link-cvtres.write.1.tlog
H:\Colony-master\Colony\Win32\Debug\Colony\link.read.1.tlog
H:\Colony-master\Colony\Win32\Debug\Colony\link.command.1.tlog
H:\Colony-master\Colony\Win32\Debug\Colony\mt.command.1.tlog
H:\Colony-master\Colony\Win32\Debug\Colony\link.4252.read.1.tlog
H:\Colony-master\Colony\Win32\Debug\Colony\Colony.exe.intermediate.manifest
H:\Colony-master\Colony\Win32\Debug\Colony\Colony.exe.embed.manifest
H:\Colony-master\Colony\Win32\Debug\Colony\vc100.idb
H:\Colony-master\Colony\Win32\Debug\Colony\vc100.pdb
H:\Colony-master\Colony\Win32\Debug\Colony\Colony_manifest.rc
H:\Colony-master\Colony\\Win32\Debug\Colony.pdb
H:\Colony-master\Colony\\Win32\Debug\Colony.exe
H:\Colony-master\Colony\\Win32\Debug\Colony.ilk
